[35m[Appium][39m Welcome to Appium v1.21.0
[35m[Appium][39m Non-default server args:
[35m[Appium][39m   port: 64416
[35m[Appium][39m   loglevel: info
[35m[Appium][39m   tmpDir: /var/folders/lj/ql0p1bf55ggbmvd0fp2z1t3m0000gn/T//Katalon/Appium/Temp1622457366257
[35m[Appium][39m   chromedriverPort: 64417
[35m[Appium][39m Deprecated server args:
[35m[Appium][39m   [31m--chromedriver-port[39m => --default-capabilities
[35m[Appium][39m Default capabilities, which will be added to each request unless overridden by desired capabilities:
[35m[Appium][39m   chromedriverPort: 64417
[35m[Appium][39m Appium REST http interface listener started on 0.0.0.0:64416
[35m[HTTP][39m [37m-->[39m [37mGET[39m [37m/wd/hub/status[39m
[35m[HTTP][39m [90m{}[39m
[35m[HTTP][39m [37m<-- GET /wd/hub/status [39m[32m200[39m [90m7 ms - 68[39m
[35m[HTTP][39m [90m[39m
[35m[HTTP][39m [37m-->[39m [37mGET[39m [37m/wd/hub/status[39m
[35m[HTTP][39m [90m{}[39m
[35m[HTTP][39m [37m<-- GET /wd/hub/status [39m[32m200[39m [90m1 ms - 68[39m
[35m[HTTP][39m [90m[39m
[35m[HTTP][39m [37m-->[39m [37mPOST[39m [37m/wd/hub/session[39m
[35m[HTTP][39m [90m{"desiredCapabilities":{"app":"/Users/katalon/Documents/APK/Flutter App_v1.2_apkpure.com.apk","noReset":true,"deviceName":"samsung SM-A115F (Android 10)","fullReset":false,"platform":"ANDROID","newCommandTimeout":1800,"platformVersion":"10","automationName":"uiautomator2","autoGrantPermissions":true,"platformName":"Android","udid":"R9RN806V4RM","systemPort":64426},"capabilities":{"firstMatch":[{"appium:app":"/Users/katalon/Documents/APK/Flutter App_v1.2_apkpure.com.apk","appium:autoGrantPermissions":true,"appium:automationName":"uiautomator2","appium:deviceName":"samsung SM-A115F (Android 10)","appium:fullReset":false,"appium:newCommandTimeout":1800,"appium:noReset":true,"platform":"ANDROID","platformName":"android","appium:platformVersion":"10","appium:systemPort":64426,"appium:udid":"R9RN806V4RM"}]}}[39m
[35m[BaseDriver][39m The following capabilities are not standard capabilities and should have an extension prefix:
[35m[BaseDriver][39m   platform
[35m[BaseDriver][39m   chromedriverPort
[35m[Appium][39m Appium v1.21.0 creating new AndroidUiautomator2Driver (v1.65.0) session
[35m[BaseDriver][39m The following capabilities were provided, but are not recognized by Appium:
[35m[BaseDriver][39m   platform
[35m[BaseDriver][39m Session created with session id: fb4547da-ecd0-4dd1-b417-89a465085cc9
[35m[BaseDriver][39m Using local app '/Users/katalon/Documents/APK/Flutter App_v1.2_apkpure.com.apk'
[35m[ADB][39m Found 1 'build-tools' folders under '/Users/katalon/.katalon/tools/android_sdk' (newest first):
[35m[ADB][39m     /Users/katalon/.katalon/tools/android_sdk/build-tools/29.0.3
[35m[ADB][39m Using 'adb' from '/Users/katalon/.katalon/tools/android_sdk/platform-tools/adb'
[35m[AndroidDriver][39m Retrieving device list
[35m[AndroidDriver][39m Using device: R9RN806V4RM
[35m[ADB][39m Using 'adb' from '/Users/katalon/.katalon/tools/android_sdk/platform-tools/adb'
[35m[ADB][39m Getting device platform version
[35m[UiAutomator2][39m Relaxing hidden api policy
[35m[ADB][39m Package name: 'flutterapp.spinevishal.com.comman_project'
[35m[ADB][39m Main activity name: 'flutterapp.spinevishal.com.comman_project.MainActivity'
[35m[ADB][39m Using 'apksigner.jar' from '/Users/katalon/.katalon/tools/android_sdk/build-tools/29.0.3/lib/apksigner.jar'
[35m[ADB][39m '/usr/local/lib/node_modules/appium/node_modules/appium-uiautomator2-server/apks/appium-uiautomator2-server-v4.21.1.apk' is signed with the default certificate
[35m[ADB][39m '/usr/local/lib/node_modules/appium/node_modules/appium-uiautomator2-server/apks/appium-uiautomator2-server-debug-androidTest.apk' is signed with the default certificate
[35m[UiAutomator2][39m Server packages are not going to be (re)installed
[35m[ADB][39m Adding packages ["io.appium.settings","io.appium.uiautomator2.server","io.appium.uiautomator2.server.test"] to Doze whitelist
[35m[ADB][39m '/Users/katalon/Documents/APK/Flutter App_v1.2_apkpure.com.apk' is signed with a non-default certificate
[35m[UiAutomator2][39m Starting UIAutomator2 server 4.21.1
[35m[UiAutomator2][39m Using UIAutomator2 server from '/usr/local/lib/node_modules/appium/node_modules/appium-uiautomator2-server/apks/appium-uiautomator2-server-v4.21.1.apk' and test from '/usr/local/lib/node_modules/appium/node_modules/appium-uiautomator2-server/apks/appium-uiautomator2-server-debug-androidTest.apk'
[35m[UiAutomator2][39m Waiting up to 30000ms for UiAutomator2 to be online...
[35m[WD Proxy][39m socket hang up
[35m[WD Proxy][39m socket hang up
[35m[WD Proxy][39m socket hang up
[35m[WD Proxy][39m socket hang up
[35m[WD Proxy][39m Determined the downstream protocol as 'W3C'
[35m[AndroidDriver][39m Screen already unlocked, doing nothing
[35m[UiAutomator2][39m Starting 'flutterapp.spinevishal.com.comman_project/flutterapp.spinevishal.com.comman_project.MainActivity and waiting for 'flutterapp.spinevishal.com.comman_project/flutterapp.spinevishal.com.comman_project.MainActivity'
[35m[Appium][39m New AndroidUiautomator2Driver session created successfully, session fb4547da-ecd0-4dd1-b417-89a465085cc9 added to master session list
[35m[HTTP][39m [37m<-- POST /wd/hub/session [39m[32m200[39m [90m10165 ms - 1296[39m
[35m[HTTP][39m [90m[39m
[35m[HTTP][39m [37m-->[39m [37mGET[39m [37m/wd/hub/session/fb4547da-ecd0-4dd1-b417-89a465085cc9[39m
[35m[HTTP][39m [90m{}[39m
[35m[HTTP][39m [37m<-- GET /wd/hub/session/fb4547da-ecd0-4dd1-b417-89a465085cc9 [39m[32m200[39m [90m17 ms - 1250[39m
[35m[HTTP][39m [90m[39m
[35m[HTTP][39m [37m-->[39m [37mGET[39m [37m/wd/hub/session/fb4547da-ecd0-4dd1-b417-89a465085cc9[39m
[35m[HTTP][39m [90m{}[39m
[35m[HTTP][39m [37m<-- GET /wd/hub/session/fb4547da-ecd0-4dd1-b417-89a465085cc9 [39m[32m200[39m [90m15 ms - 1250[39m
[35m[HTTP][39m [90m[39m
[35m[HTTP][39m [37m-->[39m [37mGET[39m [37m/wd/hub/status[39m
[35m[HTTP][39m [90m{}[39m
[35m[HTTP][39m [37m<-- GET /wd/hub/status [39m[32m200[39m [90m1 ms - 68[39m
[35m[HTTP][39m [90m[39m
[35m[HTTP][39m [37m-->[39m [37mPOST[39m [37m/wd/hub/session/fb4547da-ecd0-4dd1-b417-89a465085cc9/timeouts[39m
[35m[HTTP][39m [90m{"implicit":60000}[39m
[35m[HTTP][39m [37m<-- POST /wd/hub/session/fb4547da-ecd0-4dd1-b417-89a465085cc9/timeouts [39m[32m200[39m [90m4 ms - 14[39m
[35m[HTTP][39m [90m[39m
[35m[HTTP][39m [37m-->[39m [37mGET[39m [37m/wd/hub/session/fb4547da-ecd0-4dd1-b417-89a465085cc9/source[39m
[35m[HTTP][39m [90m{}[39m
[35m[W3C (fb4547da)][39m Driver proxy active, passing request on via HTTP proxy
[35m[WD Proxy][39m Replacing sessionId 141edf76-f5ab-4951-b648-59566c7e7c24 with fb4547da-ecd0-4dd1-b417-89a465085cc9
[35m[HTTP][39m [37m<-- GET /wd/hub/session/fb4547da-ecd0-4dd1-b417-89a465085cc9/source [39m[32m200[39m [90m845 ms - 4107[39m
[35m[HTTP][39m [90m[39m
[35m[HTTP][39m [37m-->[39m [37mGET[39m [37m/wd/hub/session/fb4547da-ecd0-4dd1-b417-89a465085cc9/screenshot[39m
[35m[HTTP][39m [90m{}[39m
[35m[HTTP][39m [37m<-- GET /wd/hub/session/fb4547da-ecd0-4dd1-b417-89a465085cc9/screenshot [39m[32m200[39m [90m609 ms - 40188[39m
[35m[HTTP][39m [90m[39m
[35m[HTTP][39m [37m-->[39m [37mPOST[39m [37m/wd/hub/session/fb4547da-ecd0-4dd1-b417-89a465085cc9/elements[39m
[35m[HTTP][39m [90m{"using":"xpath","value":"//*[@class = 'android.view.View' and @resource-id = '' and (@text = '' or . = '')]"}[39m
[35m[HTTP][39m [37m<-- POST /wd/hub/session/fb4547da-ecd0-4dd1-b417-89a465085cc9/elements [39m[32m200[39m [90m235 ms - 1547[39m
[35m[HTTP][39m [90m[39m
[35m[HTTP][39m [37m-->[39m [37mPOST[39m [37m/wd/hub/session/fb4547da-ecd0-4dd1-b417-89a465085cc9/elements[39m
[35m[HTTP][39m [90m{"using":"-android uiautomator","value":"new UiSelector().className(\"android.view.View\").resourceId(\"\")"}[39m
[35m[HTTP][39m [37m<-- POST /wd/hub/session/fb4547da-ecd0-4dd1-b417-89a465085cc9/elements [39m[32m200[39m [90m341 ms - 1547[39m
[35m[HTTP][39m [90m[39m
[35m[HTTP][39m [37m-->[39m [37mGET[39m [37m/wd/hub/session/fb4547da-ecd0-4dd1-b417-89a465085cc9/window/rect[39m
[35m[HTTP][39m [90m{}[39m
[35m[HTTP][39m [37m<-- GET /wd/hub/session/fb4547da-ecd0-4dd1-b417-89a465085cc9/window/rect [39m[32m200[39m [90m39 ms - 49[39m
[35m[HTTP][39m [90m[39m
[35m[HTTP][39m [37m-->[39m [37mPOST[39m [37m/wd/hub/session/fb4547da-ecd0-4dd1-b417-89a465085cc9/elements[39m
[35m[HTTP][39m [90m{"using":"xpath","value":"//hierarchy/android.widget.FrameLayout[1]/android.widget.LinearLayout[1]/android.widget.FrameLayout[1]/android.view.View[1]/android.view.View[1]/android.view.View[1]/android.view.View[1]"}[39m
[35m[HTTP][39m [37m<-- POST /wd/hub/session/fb4547da-ecd0-4dd1-b417-89a465085cc9/elements [39m[32m200[39m [90m87 ms - 139[39m
[35m[HTTP][39m [90m[39m
[35m[HTTP][39m [37m-->[39m [37mGET[39m [37m/wd/hub/session/fb4547da-ecd0-4dd1-b417-89a465085cc9/element/bc47d67a-98a6-494d-a52a-38293fd27bde/location[39m
[35m[HTTP][39m [90m{}[39m
[35m[W3C (fb4547da)][39m Driver proxy active, passing request on via HTTP proxy
[35m[WD Proxy][39m Replacing sessionId 141edf76-f5ab-4951-b648-59566c7e7c24 with fb4547da-ecd0-4dd1-b417-89a465085cc9
[35m[HTTP][39m [37m<-- GET /wd/hub/session/fb4547da-ecd0-4dd1-b417-89a465085cc9/element/bc47d67a-98a6-494d-a52a-38293fd27bde/location [39m[32m200[39m [90m40 ms - 74[39m
[35m[HTTP][39m [90m[39m
[35m[HTTP][39m [37m-->[39m [37mPOST[39m [37m/wd/hub/session/fb4547da-ecd0-4dd1-b417-89a465085cc9/touch/perform[39m
[35m[HTTP][39m [90m{"actions":[{"action":"tap","options":{"x":1,"y":1,"element":"bc47d67a-98a6-494d-a52a-38293fd27bde"}}]}[39m
[35m[UiAutomator2][39m calling get location: bc47d67a-98a6-494d-a52a-38293fd27bde
[35m[HTTP][39m [37m<-- POST /wd/hub/session/fb4547da-ecd0-4dd1-b417-89a465085cc9/touch/perform [39m[32m200[39m [90m251 ms - 14[39m
[35m[HTTP][39m [90m[39m
[35m[HTTP][39m [37m-->[39m [37mGET[39m [37m/wd/hub/session/fb4547da-ecd0-4dd1-b417-89a465085cc9/source[39m
[35m[HTTP][39m [90m{}[39m
[35m[W3C (fb4547da)][39m Driver proxy active, passing request on via HTTP proxy
[35m[WD Proxy][39m Replacing sessionId 141edf76-f5ab-4951-b648-59566c7e7c24 with fb4547da-ecd0-4dd1-b417-89a465085cc9
[35m[HTTP][39m [37m<-- GET /wd/hub/session/fb4547da-ecd0-4dd1-b417-89a465085cc9/source [39m[32m200[39m [90m174 ms - 9175[39m
[35m[HTTP][39m [90m[39m
[35m[HTTP][39m [37m-->[39m [37mGET[39m [37m/wd/hub/session/fb4547da-ecd0-4dd1-b417-89a465085cc9/screenshot[39m
[35m[HTTP][39m [90m{}[39m
[35m[HTTP][39m [37m<-- GET /wd/hub/session/fb4547da-ecd0-4dd1-b417-89a465085cc9/screenshot [39m[32m200[39m [90m638 ms - 74298[39m
[35m[HTTP][39m [90m[39m
[35m[HTTP][39m [37m-->[39m [37mGET[39m [37m/wd/hub/session/fb4547da-ecd0-4dd1-b417-89a465085cc9/context[39m
[35m[HTTP][39m [90m{}[39m
[35m[HTTP][39m [37m<-- GET /wd/hub/session/fb4547da-ecd0-4dd1-b417-89a465085cc9/context [39m[32m200[39m [90m1 ms - 22[39m
[35m[HTTP][39m [90m[39m
[35m[HTTP][39m [37m-->[39m [37mGET[39m [37m/wd/hub/session/fb4547da-ecd0-4dd1-b417-89a465085cc9/contexts[39m
[35m[HTTP][39m [90m{}[39m
[35m[HTTP][39m [37m<-- GET /wd/hub/session/fb4547da-ecd0-4dd1-b417-89a465085cc9/contexts [39m[32m200[39m [90m66 ms - 24[39m
[35m[HTTP][39m [90m[39m
[35m[HTTP][39m [37m-->[39m [37mPOST[39m [37m/wd/hub/session/fb4547da-ecd0-4dd1-b417-89a465085cc9/context[39m
[35m[HTTP][39m [90m{"name":"NATIVE_APP"}[39m
[35m[HTTP][39m [37m<-- POST /wd/hub/session/fb4547da-ecd0-4dd1-b417-89a465085cc9/context [39m[32m200[39m [90m2 ms - 14[39m
[35m[HTTP][39m [90m[39m
[35m[HTTP][39m [37m-->[39m [37mPOST[39m [37m/wd/hub/session/fb4547da-ecd0-4dd1-b417-89a465085cc9/orientation[39m
[35m[HTTP][39m [90m{"orientation":"LANDSCAPE"}[39m
[35m[W3C (fb4547da)][39m Driver proxy active, passing request on via HTTP proxy
[35m[WD Proxy][39m Replacing sessionId 141edf76-f5ab-4951-b648-59566c7e7c24 with fb4547da-ecd0-4dd1-b417-89a465085cc9
[35m[HTTP][39m [37m<-- POST /wd/hub/session/fb4547da-ecd0-4dd1-b417-89a465085cc9/orientation [39m[32m200[39m [90m173 ms - 72[39m
[35m[HTTP][39m [90m[39m
[35m[HTTP][39m [37m-->[39m [37mPOST[39m [37m/wd/hub/session/fb4547da-ecd0-4dd1-b417-89a465085cc9/context[39m
[35m[HTTP][39m [90m{"name":"NATIVE_APP"}[39m
[35m[HTTP][39m [37m<-- POST /wd/hub/session/fb4547da-ecd0-4dd1-b417-89a465085cc9/context [39m[32m200[39m [90m3 ms - 14[39m
[35m[HTTP][39m [90m[39m
[35m[HTTP][39m [37m-->[39m [37mGET[39m [37m/wd/hub/session/fb4547da-ecd0-4dd1-b417-89a465085cc9/source[39m
[35m[HTTP][39m [90m{}[39m
[35m[W3C (fb4547da)][39m Driver proxy active, passing request on via HTTP proxy
[35m[WD Proxy][39m Replacing sessionId 141edf76-f5ab-4951-b648-59566c7e7c24 with fb4547da-ecd0-4dd1-b417-89a465085cc9
[35m[HTTP][39m [37m<-- GET /wd/hub/session/fb4547da-ecd0-4dd1-b417-89a465085cc9/source [39m[32m200[39m [90m744 ms - 8725[39m
[35m[HTTP][39m [90m[39m
[35m[HTTP][39m [37m-->[39m [37mGET[39m [37m/wd/hub/session/fb4547da-ecd0-4dd1-b417-89a465085cc9/screenshot[39m
[35m[HTTP][39m [90m{}[39m
[35m[HTTP][39m [37m<-- GET /wd/hub/session/fb4547da-ecd0-4dd1-b417-89a465085cc9/screenshot [39m[32m200[39m [90m635 ms - 65602[39m
[35m[HTTP][39m [90m[39m
[35m[HTTP][39m [37m-->[39m [37mPOST[39m [37m/wd/hub/session/fb4547da-ecd0-4dd1-b417-89a465085cc9/elements[39m
[35m[HTTP][39m [90m{"using":"xpath","value":"//*[@class = 'android.widget.Button' and (@text = 'Open navigation menu' or . = 'Open navigation menu') and @resource-id = '']"}[39m
[35m[HTTP][39m [37m<-- POST /wd/hub/session/fb4547da-ecd0-4dd1-b417-89a465085cc9/elements [39m[32m200[39m [90m110 ms - 139[39m
[35m[HTTP][39m [90m[39m
[35m[HTTP][39m [37m-->[39m [37mGET[39m [37m/wd/hub/session/fb4547da-ecd0-4dd1-b417-89a465085cc9/window/rect[39m
[35m[HTTP][39m [90m{}[39m
[35m[HTTP][39m [37m<-- GET /wd/hub/session/fb4547da-ecd0-4dd1-b417-89a465085cc9/window/rect [39m[32m200[39m [90m24 ms - 49[39m
[35m[HTTP][39m [90m[39m
[35m[HTTP][39m [37m-->[39m [37mPOST[39m [37m/wd/hub/session/fb4547da-ecd0-4dd1-b417-89a465085cc9/elements[39m
[35m[HTTP][39m [90m{"using":"xpath","value":"//*[@class = 'android.widget.Button' and (@text = 'Open navigation menu' or . = 'Open navigation menu') and @resource-id = '']"}[39m
[35m[HTTP][39m [37m<-- POST /wd/hub/session/fb4547da-ecd0-4dd1-b417-89a465085cc9/elements [39m[32m200[39m [90m85 ms - 139[39m
[35m[HTTP][39m [90m[39m
[35m[HTTP][39m [37m-->[39m [37mGET[39m [37m/wd/hub/session/fb4547da-ecd0-4dd1-b417-89a465085cc9/element/877a400a-3dfd-4dfe-bb5f-968c2403c2b8/location[39m
[35m[HTTP][39m [90m{}[39m
[35m[W3C (fb4547da)][39m Driver proxy active, passing request on via HTTP proxy
[35m[WD Proxy][39m Replacing sessionId 141edf76-f5ab-4951-b648-59566c7e7c24 with fb4547da-ecd0-4dd1-b417-89a465085cc9
[35m[HTTP][39m [37m<-- GET /wd/hub/session/fb4547da-ecd0-4dd1-b417-89a465085cc9/element/877a400a-3dfd-4dfe-bb5f-968c2403c2b8/location [39m[32m200[39m [90m33 ms - 76[39m
[35m[HTTP][39m [90m[39m
[35m[HTTP][39m [37m-->[39m [37mPOST[39m [37m/wd/hub/session/fb4547da-ecd0-4dd1-b417-89a465085cc9/touch/perform[39m
[35m[HTTP][39m [90m{"actions":[{"action":"tap","options":{"x":1,"y":1,"element":"877a400a-3dfd-4dfe-bb5f-968c2403c2b8"}}]}[39m
[35m[UiAutomator2][39m calling get location: 877a400a-3dfd-4dfe-bb5f-968c2403c2b8
[35m[HTTP][39m [37m<-- POST /wd/hub/session/fb4547da-ecd0-4dd1-b417-89a465085cc9/touch/perform [39m[32m200[39m [90m216 ms - 14[39m
[35m[HTTP][39m [90m[39m
[35m[HTTP][39m [37m-->[39m [37mGET[39m [37m/wd/hub/session/fb4547da-ecd0-4dd1-b417-89a465085cc9/source[39m
[35m[HTTP][39m [90m{}[39m
[35m[W3C (fb4547da)][39m Driver proxy active, passing request on via HTTP proxy
[35m[WD Proxy][39m Replacing sessionId 141edf76-f5ab-4951-b648-59566c7e7c24 with fb4547da-ecd0-4dd1-b417-89a465085cc9
[35m[HTTP][39m [37m<-- GET /wd/hub/session/fb4547da-ecd0-4dd1-b417-89a465085cc9/source [39m[32m200[39m [90m404 ms - 10004[39m
[35m[HTTP][39m [90m[39m
[35m[HTTP][39m [37m-->[39m [37mGET[39m [37m/wd/hub/session/fb4547da-ecd0-4dd1-b417-89a465085cc9/screenshot[39m
[35m[HTTP][39m [90m{}[39m
[35m[HTTP][39m [37m<-- GET /wd/hub/session/fb4547da-ecd0-4dd1-b417-89a465085cc9/screenshot [39m[32m200[39m [90m653 ms - 135040[39m
[35m[HTTP][39m [90m[39m
[35m[HTTP][39m [37m-->[39m [37mGET[39m [37m/wd/hub/session/fb4547da-ecd0-4dd1-b417-89a465085cc9/context[39m
[35m[HTTP][39m [90m{}[39m
[35m[HTTP][39m [37m<-- GET /wd/hub/session/fb4547da-ecd0-4dd1-b417-89a465085cc9/context [39m[32m200[39m [90m1 ms - 22[39m
[35m[HTTP][39m [90m[39m
[35m[HTTP][39m [37m-->[39m [37mGET[39m [37m/wd/hub/session/fb4547da-ecd0-4dd1-b417-89a465085cc9/contexts[39m
[35m[HTTP][39m [90m{}[39m
[35m[HTTP][39m [37m<-- GET /wd/hub/session/fb4547da-ecd0-4dd1-b417-89a465085cc9/contexts [39m[32m200[39m [90m62 ms - 24[39m
[35m[HTTP][39m [90m[39m
[35m[HTTP][39m [37m-->[39m [37mPOST[39m [37m/wd/hub/session/fb4547da-ecd0-4dd1-b417-89a465085cc9/context[39m
[35m[HTTP][39m [90m{"name":"NATIVE_APP"}[39m
[35m[HTTP][39m [37m<-- POST /wd/hub/session/fb4547da-ecd0-4dd1-b417-89a465085cc9/context [39m[32m200[39m [90m3 ms - 14[39m
[35m[HTTP][39m [90m[39m
[35m[HTTP][39m [37m-->[39m [37mPOST[39m [37m/wd/hub/session/fb4547da-ecd0-4dd1-b417-89a465085cc9/orientation[39m
[35m[HTTP][39m [90m{"orientation":"PORTRAIT"}[39m
[35m[W3C (fb4547da)][39m Driver proxy active, passing request on via HTTP proxy
[35m[WD Proxy][39m Replacing sessionId 141edf76-f5ab-4951-b648-59566c7e7c24 with fb4547da-ecd0-4dd1-b417-89a465085cc9
[35m[HTTP][39m [37m<-- POST /wd/hub/session/fb4547da-ecd0-4dd1-b417-89a465085cc9/orientation [39m[32m200[39m [90m164 ms - 71[39m
[35m[HTTP][39m [90m[39m
[35m[HTTP][39m [37m-->[39m [37mPOST[39m [37m/wd/hub/session/fb4547da-ecd0-4dd1-b417-89a465085cc9/context[39m
[35m[HTTP][39m [90m{"name":"NATIVE_APP"}[39m
[35m[HTTP][39m [37m<-- POST /wd/hub/session/fb4547da-ecd0-4dd1-b417-89a465085cc9/context [39m[32m200[39m [90m4 ms - 14[39m
[35m[HTTP][39m [90m[39m
[35m[HTTP][39m [37m-->[39m [37mGET[39m [37m/wd/hub/session/fb4547da-ecd0-4dd1-b417-89a465085cc9/source[39m
[35m[HTTP][39m [90m{}[39m
[35m[W3C (fb4547da)][39m Driver proxy active, passing request on via HTTP proxy
[35m[WD Proxy][39m Replacing sessionId 141edf76-f5ab-4951-b648-59566c7e7c24 with fb4547da-ecd0-4dd1-b417-89a465085cc9
[35m[HTTP][39m [37m<-- GET /wd/hub/session/fb4547da-ecd0-4dd1-b417-89a465085cc9/source [39m[32m200[39m [90m776 ms - 13047[39m
[35m[HTTP][39m [90m[39m
[35m[HTTP][39m [37m-->[39m [37mGET[39m [37m/wd/hub/session/fb4547da-ecd0-4dd1-b417-89a465085cc9/screenshot[39m
[35m[HTTP][39m [90m{}[39m
[35m[HTTP][39m [37m<-- GET /wd/hub/session/fb4547da-ecd0-4dd1-b417-89a465085cc9/screenshot [39m[32m200[39m [90m667 ms - 151112[39m
[35m[HTTP][39m [90m[39m
[35m[HTTP][39m [37m-->[39m [37mPOST[39m [37m/wd/hub/session/fb4547da-ecd0-4dd1-b417-89a465085cc9/elements[39m
[35m[HTTP][39m [90m{"using":"xpath","value":"//*[@class = 'android.widget.ImageView' and (@text = 'Logout' or . = 'Logout') and @resource-id = '']"}[39m
[35m[HTTP][39m [37m<-- POST /wd/hub/session/fb4547da-ecd0-4dd1-b417-89a465085cc9/elements [39m[32m200[39m [90m108 ms - 139[39m
[35m[HTTP][39m [90m[39m
[35m[HTTP][39m [37m-->[39m [37mGET[39m [37m/wd/hub/session/fb4547da-ecd0-4dd1-b417-89a465085cc9/window/rect[39m
[35m[HTTP][39m [90m{}[39m
[35m[HTTP][39m [37m<-- GET /wd/hub/session/fb4547da-ecd0-4dd1-b417-89a465085cc9/window/rect [39m[32m200[39m [90m17 ms - 49[39m
[35m[HTTP][39m [90m[39m
[35m[HTTP][39m [37m-->[39m [37mPOST[39m [37m/wd/hub/session/fb4547da-ecd0-4dd1-b417-89a465085cc9/elements[39m
[35m[HTTP][39m [90m{"using":"xpath","value":"//*[@class = 'android.widget.ImageView' and (@text = 'Logout' or . = 'Logout') and @resource-id = '']"}[39m
[35m[HTTP][39m [37m<-- POST /wd/hub/session/fb4547da-ecd0-4dd1-b417-89a465085cc9/elements [39m[32m200[39m [90m98 ms - 139[39m
[35m[HTTP][39m [90m[39m
[35m[HTTP][39m [37m-->[39m [37mGET[39m [37m/wd/hub/session/fb4547da-ecd0-4dd1-b417-89a465085cc9/element/8fa6fbcb-df41-4be4-b09a-af8454ecc5f0/location[39m
[35m[HTTP][39m [90m{}[39m
[35m[W3C (fb4547da)][39m Driver proxy active, passing request on via HTTP proxy
[35m[WD Proxy][39m Replacing sessionId 141edf76-f5ab-4951-b648-59566c7e7c24 with fb4547da-ecd0-4dd1-b417-89a465085cc9
[35m[HTTP][39m [37m<-- GET /wd/hub/session/fb4547da-ecd0-4dd1-b417-89a465085cc9/element/8fa6fbcb-df41-4be4-b09a-af8454ecc5f0/location [39m[32m200[39m [90m24 ms - 77[39m
[35m[HTTP][39m [90m[39m
[35m[HTTP][39m [37m-->[39m [37mPOST[39m [37m/wd/hub/session/fb4547da-ecd0-4dd1-b417-89a465085cc9/touch/perform[39m
[35m[HTTP][39m [90m{"actions":[{"action":"tap","options":{"x":1,"y":1,"element":"8fa6fbcb-df41-4be4-b09a-af8454ecc5f0"}}]}[39m
[35m[UiAutomator2][39m calling get location: 8fa6fbcb-df41-4be4-b09a-af8454ecc5f0
[35m[HTTP][39m [37m<-- POST /wd/hub/session/fb4547da-ecd0-4dd1-b417-89a465085cc9/touch/perform [39m[32m200[39m [90m1028 ms - 14[39m
[35m[HTTP][39m [90m[39m
[35m[HTTP][39m [37m-->[39m [37mGET[39m [37m/wd/hub/session/fb4547da-ecd0-4dd1-b417-89a465085cc9/source[39m
[35m[HTTP][39m [90m{}[39m
[35m[W3C (fb4547da)][39m Driver proxy active, passing request on via HTTP proxy
[35m[WD Proxy][39m Replacing sessionId 141edf76-f5ab-4951-b648-59566c7e7c24 with fb4547da-ecd0-4dd1-b417-89a465085cc9
[35m[HTTP][39m [37m<-- GET /wd/hub/session/fb4547da-ecd0-4dd1-b417-89a465085cc9/source [39m[32m200[39m [90m151 ms - 9756[39m
[35m[HTTP][39m [90m[39m
[35m[HTTP][39m [37m-->[39m [37mGET[39m [37m/wd/hub/session/fb4547da-ecd0-4dd1-b417-89a465085cc9/screenshot[39m
[35m[HTTP][39m [90m{}[39m
[35m[HTTP][39m [37m<-- GET /wd/hub/session/fb4547da-ecd0-4dd1-b417-89a465085cc9/screenshot [39m[32m200[39m [90m669 ms - 116606[39m
[35m[HTTP][39m [90m[39m
[35m[HTTP][39m [37m-->[39m [37mPOST[39m [37m/wd/hub/session/fb4547da-ecd0-4dd1-b417-89a465085cc9/elements[39m
[35m[HTTP][39m [90m{"using":"xpath","value":"//*[@class = 'android.widget.EditText' and (@text = 'Principal' or . = 'Principal') and @resource-id = '']"}[39m
[35m[HTTP][39m [37m<-- POST /wd/hub/session/fb4547da-ecd0-4dd1-b417-89a465085cc9/elements [39m[32m200[39m [90m97 ms - 139[39m
[35m[HTTP][39m [90m[39m
[35m[HTTP][39m [37m-->[39m [37mGET[39m [37m/wd/hub/session/fb4547da-ecd0-4dd1-b417-89a465085cc9/window/rect[39m
[35m[HTTP][39m [90m{}[39m
[35m[HTTP][39m [37m<-- GET /wd/hub/session/fb4547da-ecd0-4dd1-b417-89a465085cc9/window/rect [39m[32m200[39m [90m39 ms - 49[39m
[35m[HTTP][39m [90m[39m
[35m[HTTP][39m [37m-->[39m [37mPOST[39m [37m/wd/hub/session/fb4547da-ecd0-4dd1-b417-89a465085cc9/elements[39m
[35m[HTTP][39m [90m{"using":"xpath","value":"//*[@class = 'android.widget.EditText' and (@text = 'Principal' or . = 'Principal') and @resource-id = '']"}[39m
[35m[HTTP][39m [37m<-- POST /wd/hub/session/fb4547da-ecd0-4dd1-b417-89a465085cc9/elements [39m[32m200[39m [90m89 ms - 139[39m
[35m[HTTP][39m [90m[39m
[35m[HTTP][39m [37m-->[39m [37mGET[39m [37m/wd/hub/session/fb4547da-ecd0-4dd1-b417-89a465085cc9/element/c710882b-4a1b-4865-9723-edb679e36a13/location[39m
[35m[HTTP][39m [90m{}[39m
[35m[W3C (fb4547da)][39m Driver proxy active, passing request on via HTTP proxy
[35m[WD Proxy][39m Replacing sessionId 141edf76-f5ab-4951-b648-59566c7e7c24 with fb4547da-ecd0-4dd1-b417-89a465085cc9
[35m[HTTP][39m [37m<-- GET /wd/hub/session/fb4547da-ecd0-4dd1-b417-89a465085cc9/element/c710882b-4a1b-4865-9723-edb679e36a13/location [39m[32m200[39m [90m32 ms - 77[39m
[35m[HTTP][39m [90m[39m
[35m[HTTP][39m [37m-->[39m [37mPOST[39m [37m/wd/hub/session/fb4547da-ecd0-4dd1-b417-89a465085cc9/element/c710882b-4a1b-4865-9723-edb679e36a13/clear[39m
[35m[HTTP][39m [90m{"id":"c710882b-4a1b-4865-9723-edb679e36a13"}[39m
[35m[HTTP][39m [37m<-- POST /wd/hub/session/fb4547da-ecd0-4dd1-b417-89a465085cc9/element/c710882b-4a1b-4865-9723-edb679e36a13/clear [39m[32m200[39m [90m46 ms - 14[39m
[35m[HTTP][39m [90m[39m
[35m[HTTP][39m [37m-->[39m [37mPOST[39m [37m/wd/hub/session/fb4547da-ecd0-4dd1-b417-89a465085cc9/element/c710882b-4a1b-4865-9723-edb679e36a13/value[39m
[35m[HTTP][39m [90m{"id":"c710882b-4a1b-4865-9723-edb679e36a13","text":"text","value":["t","e","x","t"]}[39m
[35m[WD Proxy][39m Got response with status 400: {"sessionId":"141edf76-f5ab-4951-b648-59566c7e7c24","value":{"error":"invalid element state","message":"Cannot set the element to 'text'. Did you interact with the correct element?","stacktrace":"io.appium.uiautomator2.common.exceptions.InvalidElementStateException: Cannot set the element to 'text'. Did you interact with the correct element?\n\tat io.appium.uiautomator2.handler.SendKeysToElement.setText(SendKeysToElement.java:87)\n\tat io.appium.uiautomator2.handler.SendKeysToElement.safeHandle(SendKeysToElement.java:115)\n\tat io.appium.uiautomator2.handler.request.SafeRequestHandler.handle(SafeRequestHandler.java:41)\n\tat io.appium.uiautomator2.server.AppiumServlet.handleRequest(AppiumServlet.java:262)\n\tat io.appium.uiautomator2.server.AppiumServlet.handleHttpRequest(AppiumServlet.java:256)\n\tat io.appium.uiautomator2.http.ServerHandler.channelRead(ServerHandler.java:68)\n\tat io.netty.channel.AbstractChannelHandlerContext.invokeChannelRead(AbstractChannelHandlerContext.java:366)\n\tat io.netty.chann...
[35m[HTTP][39m [37m<-- POST /wd/hub/session/fb4547da-ecd0-4dd1-b417-89a465085cc9/element/c710882b-4a1b-4865-9723-edb679e36a13/value [39m[33m400[39m [90m152 ms - 3887[39m
[35m[HTTP][39m [90m[39m
[35m[HTTP][39m [37m-->[39m [37mPOST[39m [37m/wd/hub/session/fb4547da-ecd0-4dd1-b417-89a465085cc9/elements[39m
[35m[HTTP][39m [90m{"using":"xpath","value":"//*[@class = 'android.widget.EditText' and (@text = 'Principal' or . = 'Principal') and @resource-id = '']"}[39m
[35m[HTTP][39m [37m<-- POST /wd/hub/session/fb4547da-ecd0-4dd1-b417-89a465085cc9/elements [39m[32m200[39m [90m102 ms - 139[39m
[35m[HTTP][39m [90m[39m
[35m[HTTP][39m [37m-->[39m [37mGET[39m [37m/wd/hub/session/fb4547da-ecd0-4dd1-b417-89a465085cc9/window/rect[39m
[35m[HTTP][39m [90m{}[39m
[35m[HTTP][39m [37m<-- GET /wd/hub/session/fb4547da-ecd0-4dd1-b417-89a465085cc9/window/rect [39m[32m200[39m [90m17 ms - 49[39m
[35m[HTTP][39m [90m[39m
[35m[HTTP][39m [37m-->[39m [37mPOST[39m [37m/wd/hub/session/fb4547da-ecd0-4dd1-b417-89a465085cc9/elements[39m
[35m[HTTP][39m [90m{"using":"xpath","value":"//*[@class = 'android.widget.EditText' and (@text = 'Principal' or . = 'Principal') and @resource-id = '']"}[39m
[35m[HTTP][39m [37m<-- POST /wd/hub/session/fb4547da-ecd0-4dd1-b417-89a465085cc9/elements [39m[32m200[39m [90m80 ms - 139[39m
[35m[HTTP][39m [90m[39m
[35m[HTTP][39m [37m-->[39m [37mGET[39m [37m/wd/hub/session/fb4547da-ecd0-4dd1-b417-89a465085cc9/element/08765ec5-b503-4b1b-936d-a776c88bc94f/location[39m
[35m[HTTP][39m [90m{}[39m
[35m[W3C (fb4547da)][39m Driver proxy active, passing request on via HTTP proxy
[35m[WD Proxy][39m Replacing sessionId 141edf76-f5ab-4951-b648-59566c7e7c24 with fb4547da-ecd0-4dd1-b417-89a465085cc9
[35m[HTTP][39m [37m<-- GET /wd/hub/session/fb4547da-ecd0-4dd1-b417-89a465085cc9/element/08765ec5-b503-4b1b-936d-a776c88bc94f/location [39m[32m200[39m [90m30 ms - 77[39m
[35m[HTTP][39m [90m[39m
[35m[HTTP][39m [37m-->[39m [37mPOST[39m [37m/wd/hub/session/fb4547da-ecd0-4dd1-b417-89a465085cc9/touch/perform[39m
[35m[HTTP][39m [90m{"actions":[{"action":"tap","options":{"x":1,"y":1,"element":"08765ec5-b503-4b1b-936d-a776c88bc94f"}}]}[39m
[35m[UiAutomator2][39m calling get location: 08765ec5-b503-4b1b-936d-a776c88bc94f
[35m[HTTP][39m [37m<-- POST /wd/hub/session/fb4547da-ecd0-4dd1-b417-89a465085cc9/touch/perform [39m[32m200[39m [90m219 ms - 14[39m
[35m[HTTP][39m [90m[39m
[35m[HTTP][39m [37m-->[39m [37mGET[39m [37m/wd/hub/session/fb4547da-ecd0-4dd1-b417-89a465085cc9/source[39m
[35m[HTTP][39m [90m{}[39m
[35m[W3C (fb4547da)][39m Driver proxy active, passing request on via HTTP proxy
[35m[WD Proxy][39m Replacing sessionId 141edf76-f5ab-4951-b648-59566c7e7c24 with fb4547da-ecd0-4dd1-b417-89a465085cc9
[35m[HTTP][39m [37m<-- GET /wd/hub/session/fb4547da-ecd0-4dd1-b417-89a465085cc9/source [39m[32m200[39m [90m132 ms - 9756[39m
[35m[HTTP][39m [90m[39m
[35m[HTTP][39m [37m-->[39m [37mGET[39m [37m/wd/hub/session/fb4547da-ecd0-4dd1-b417-89a465085cc9/screenshot[39m
[35m[HTTP][39m [90m{}[39m
[35m[HTTP][39m [37m<-- GET /wd/hub/session/fb4547da-ecd0-4dd1-b417-89a465085cc9/screenshot [39m[32m200[39m [90m655 ms - 116348[39m
[35m[HTTP][39m [90m[39m
[35m[HTTP][39m [37m-->[39m [37mPOST[39m [37m/wd/hub/session/fb4547da-ecd0-4dd1-b417-89a465085cc9/elements[39m
[35m[HTTP][39m [90m{"using":"xpath","value":"//*[@class = 'android.widget.EditText' and (@text = 'Principal' or . = 'Principal') and @resource-id = '']"}[39m
[35m[HTTP][39m [37m<-- POST /wd/hub/session/fb4547da-ecd0-4dd1-b417-89a465085cc9/elements [39m[32m200[39m [90m87 ms - 139[39m
[35m[HTTP][39m [90m[39m
[35m[HTTP][39m [37m-->[39m [37mGET[39m [37m/wd/hub/session/fb4547da-ecd0-4dd1-b417-89a465085cc9/window/rect[39m
[35m[HTTP][39m [90m{}[39m
[35m[HTTP][39m [37m<-- GET /wd/hub/session/fb4547da-ecd0-4dd1-b417-89a465085cc9/window/rect [39m[32m200[39m [90m32 ms - 49[39m
[35m[HTTP][39m [90m[39m
[35m[HTTP][39m [37m-->[39m [37mPOST[39m [37m/wd/hub/session/fb4547da-ecd0-4dd1-b417-89a465085cc9/elements[39m
[35m[HTTP][39m [90m{"using":"xpath","value":"//*[@class = 'android.widget.EditText' and (@text = 'Principal' or . = 'Principal') and @resource-id = '']"}[39m
[35m[HTTP][39m [37m<-- POST /wd/hub/session/fb4547da-ecd0-4dd1-b417-89a465085cc9/elements [39m[32m200[39m [90m77 ms - 139[39m
[35m[HTTP][39m [90m[39m
[35m[HTTP][39m [37m-->[39m [37mGET[39m [37m/wd/hub/session/fb4547da-ecd0-4dd1-b417-89a465085cc9/element/37adfaed-2202-4912-86ef-2430daa37f83/location[39m
[35m[HTTP][39m [90m{}[39m
[35m[W3C (fb4547da)][39m Driver proxy active, passing request on via HTTP proxy
[35m[WD Proxy][39m Replacing sessionId 141edf76-f5ab-4951-b648-59566c7e7c24 with fb4547da-ecd0-4dd1-b417-89a465085cc9
[35m[HTTP][39m [37m<-- GET /wd/hub/session/fb4547da-ecd0-4dd1-b417-89a465085cc9/element/37adfaed-2202-4912-86ef-2430daa37f83/location [39m[32m200[39m [90m30 ms - 77[39m
[35m[HTTP][39m [90m[39m
[35m[HTTP][39m [37m-->[39m [37mPOST[39m [37m/wd/hub/session/fb4547da-ecd0-4dd1-b417-89a465085cc9/element/37adfaed-2202-4912-86ef-2430daa37f83/clear[39m
[35m[HTTP][39m [90m{"id":"37adfaed-2202-4912-86ef-2430daa37f83"}[39m
[35m[HTTP][39m [37m<-- POST /wd/hub/session/fb4547da-ecd0-4dd1-b417-89a465085cc9/element/37adfaed-2202-4912-86ef-2430daa37f83/clear [39m[32m200[39m [90m30 ms - 14[39m
[35m[HTTP][39m [90m[39m
[35m[HTTP][39m [37m-->[39m [37mPOST[39m [37m/wd/hub/session/fb4547da-ecd0-4dd1-b417-89a465085cc9/element/37adfaed-2202-4912-86ef-2430daa37f83/value[39m
[35m[HTTP][39m [90m{"id":"37adfaed-2202-4912-86ef-2430daa37f83","text":"hgfbcfn b nghjfcvbj nhftfcgvhjhxbkjt fgdxfhjhk hgfrydvhbjnk. fdtyghjnncf tftyhjn dxyghjvcf frtfgdz ufyxdhv","value":["h","g","f","b","c","f","n"," ","b"," ","n","g","h","j","f","c","v","b","j"," ","n","h","f","t","f","c","g","v","h","j","h","x","b","k","j","t"," ","f","g","d","x","f","h","j","h","k"," ","h","g","f","r","y","d","v","h","b","j","n","k","."," ","f","d","t","y","g","h","j","n","n","c","f"," ","t","f","t","y","h","j","n"," ","d","x","y","g","h","j","v","c","f"," ","f","r","t","f","g","d","z"," ","u","f","y","x","d","h","v"]}[39m
[35m[WD Proxy][39m Got response with status 400: {"sessionId":"141edf76-f5ab-4951-b648-59566c7e7c24","value":{"error":"invalid element state","message":"Cannot set the element to 'hgfbcfn b nghjfcvbj nhftfcgvhjhxbkjt fgdxfhjhk hgfrydvhbjnk. fdtyghjnncf tftyhjn dxyghjvcf frtfgdz ufyxdhv'. Did you interact with the correct element?","stacktrace":"io.appium.uiautomator2.common.exceptions.InvalidElementStateException: Cannot set the element to 'hgfbcfn b nghjfcvbj nhftfcgvhjhxbkjt fgdxfhjhk hgfrydvhbjnk. fdtyghjnncf tftyhjn dxyghjvcf frtfgdz ufyxdhv'. Did you interact with the correct element?\n\tat io.appium.uiautomator2.handler.SendKeysToElement.setText(SendKeysToElement.java:87)\n\tat io.appium.uiautomator2.handler.SendKeysToElement.safeHandle(SendKeysToElement.java:115)\n\tat io.appium.uiautomator2.handler.request.SafeRequestHandler.handle(SafeRequestHandler.java:41)\n\tat io.appium.uiautomator2.server.AppiumServlet.handleRequest(AppiumServlet.java:262)\n\tat io.appium.uiautomator2.server.AppiumServlet.handleHttpRequest(AppiumServlet.java:256)\n\tat io.a...
[35m[HTTP][39m [37m<-- POST /wd/hub/session/fb4547da-ecd0-4dd1-b417-89a465085cc9/element/37adfaed-2202-4912-86ef-2430daa37f83/value [39m[33m400[39m [90m53 ms - 4091[39m
[35m[HTTP][39m [90m[39m
[35m[HTTP][39m [37m-->[39m [37mPOST[39m [37m/wd/hub/session/fb4547da-ecd0-4dd1-b417-89a465085cc9/elements[39m
[35m[HTTP][39m [90m{"using":"xpath","value":"//*[@class = 'android.widget.EditText' and (@text = 'Principal' or . = 'Principal') and @resource-id = '']"}[39m
[35m[HTTP][39m [37m<-- POST /wd/hub/session/fb4547da-ecd0-4dd1-b417-89a465085cc9/elements [39m[32m200[39m [90m83 ms - 139[39m
[35m[HTTP][39m [90m[39m
[35m[HTTP][39m [37m-->[39m [37mGET[39m [37m/wd/hub/session/fb4547da-ecd0-4dd1-b417-89a465085cc9/window/rect[39m
[35m[HTTP][39m [90m{}[39m
[35m[HTTP][39m [37m<-- GET /wd/hub/session/fb4547da-ecd0-4dd1-b417-89a465085cc9/window/rect [39m[32m200[39m [90m34 ms - 49[39m
[35m[HTTP][39m [90m[39m
[35m[HTTP][39m [37m-->[39m [37mPOST[39m [37m/wd/hub/session/fb4547da-ecd0-4dd1-b417-89a465085cc9/elements[39m
[35m[HTTP][39m [90m{"using":"xpath","value":"//*[@class = 'android.widget.EditText' and (@text = 'Principal' or . = 'Principal') and @resource-id = '']"}[39m
[35m[HTTP][39m [37m<-- POST /wd/hub/session/fb4547da-ecd0-4dd1-b417-89a465085cc9/elements [39m[32m200[39m [90m77 ms - 139[39m
[35m[HTTP][39m [90m[39m
[35m[HTTP][39m [37m-->[39m [37mGET[39m [37m/wd/hub/session/fb4547da-ecd0-4dd1-b417-89a465085cc9/element/8d49c927-6a46-440e-a7d6-9903c6729a4c/location[39m
[35m[HTTP][39m [90m{}[39m
[35m[W3C (fb4547da)][39m Driver proxy active, passing request on via HTTP proxy
[35m[WD Proxy][39m Replacing sessionId 141edf76-f5ab-4951-b648-59566c7e7c24 with fb4547da-ecd0-4dd1-b417-89a465085cc9
[35m[HTTP][39m [37m<-- GET /wd/hub/session/fb4547da-ecd0-4dd1-b417-89a465085cc9/element/8d49c927-6a46-440e-a7d6-9903c6729a4c/location [39m[32m200[39m [90m28 ms - 77[39m
[35m[HTTP][39m [90m[39m
[35m[HTTP][39m [37m-->[39m [37mPOST[39m [37m/wd/hub/session/fb4547da-ecd0-4dd1-b417-89a465085cc9/element/8d49c927-6a46-440e-a7d6-9903c6729a4c/clear[39m
[35m[HTTP][39m [90m{"id":"8d49c927-6a46-440e-a7d6-9903c6729a4c"}[39m
[35m[HTTP][39m [37m<-- POST /wd/hub/session/fb4547da-ecd0-4dd1-b417-89a465085cc9/element/8d49c927-6a46-440e-a7d6-9903c6729a4c/clear [39m[32m200[39m [90m36 ms - 14[39m
[35m[HTTP][39m [90m[39m
[35m[HTTP][39m [37m-->[39m [37mPOST[39m [37m/wd/hub/session/fb4547da-ecd0-4dd1-b417-89a465085cc9/element/8d49c927-6a46-440e-a7d6-9903c6729a4c/value[39m
[35m[HTTP][39m [90m{"id":"8d49c927-6a46-440e-a7d6-9903c6729a4c","text":"text","value":["t","e","x","t"]}[39m
[35m[WD Proxy][39m Got response with status 400: {"sessionId":"141edf76-f5ab-4951-b648-59566c7e7c24","value":{"error":"invalid element state","message":"Cannot set the element to 'text'. Did you interact with the correct element?","stacktrace":"io.appium.uiautomator2.common.exceptions.InvalidElementStateException: Cannot set the element to 'text'. Did you interact with the correct element?\n\tat io.appium.uiautomator2.handler.SendKeysToElement.setText(SendKeysToElement.java:87)\n\tat io.appium.uiautomator2.handler.SendKeysToElement.safeHandle(SendKeysToElement.java:115)\n\tat io.appium.uiautomator2.handler.request.SafeRequestHandler.handle(SafeRequestHandler.java:41)\n\tat io.appium.uiautomator2.server.AppiumServlet.handleRequest(AppiumServlet.java:262)\n\tat io.appium.uiautomator2.server.AppiumServlet.handleHttpRequest(AppiumServlet.java:256)\n\tat io.appium.uiautomator2.http.ServerHandler.channelRead(ServerHandler.java:68)\n\tat io.netty.channel.AbstractChannelHandlerContext.invokeChannelRead(AbstractChannelHandlerContext.java:366)\n\tat io.netty.chann...
[35m[HTTP][39m [37m<-- POST /wd/hub/session/fb4547da-ecd0-4dd1-b417-89a465085cc9/element/8d49c927-6a46-440e-a7d6-9903c6729a4c/value [39m[33m400[39m [90m63 ms - 3887[39m
[35m[HTTP][39m [90m[39m
[35m[HTTP][39m [37m-->[39m [37mDELETE[39m [37m/wd/hub/session/fb4547da-ecd0-4dd1-b417-89a465085cc9[39m
[35m[HTTP][39m [90m{}[39m
[35m[Appium][39m Removing session fb4547da-ecd0-4dd1-b417-89a465085cc9 from our master session list
[35m[UiAutomator2][39m Did not get confirmation UiAutomator2 deleteSession worked; Error was: UnknownError: An unknown server-side error occurred while processing the command. Original error: 'DELETE /' cannot be proxied to UiAutomator2 server because the instrumentation process is not running (probably crashed). Check the server log and/or the logcat output for more details
[35m[ADB][39m Error sending command, reconnecting device and retrying: shell,am,force-stop,flutterapp.spinevishal.com.comman_project
[35m[UiAutomator2][39m Unable to force stop app: Could not find a connected Android device in 20068ms.
[35m[ADB][39m Error sending command, reconnecting device and retrying: forward,--remove,tcp:64426
[35m[UiAutomator2][39m Unable to remove system port forward: Could not find a connected Android device in 20043ms.
[35m[UiAutomator2][39m Restoring hidden api policy to the device default configuration
[35m[ADB][39m Error sending command, reconnecting device and retrying: shell,settings delete global hidden_api_policy_pre_p_apps;settings delete global hidden_api_policy_p_apps;settings delete global hidden_api_policy
[35m[HTTP][39m [37m<-- DELETE /wd/hub/session/fb4547da-ecd0-4dd1-b417-89a465085cc9 [39m[31m500[39m [90m63424 ms - 603[39m
[35m[HTTP][39m [90m[39m
